Tue Jul  9 03:50:29 2013 [1145][1][FATAL] UndeployedMetaDataImplementation->getFileName(): view type working is not recognized
Tue Jul  9 03:50:29 2013 [1145][1][FATAL] UndeployedMetaDataImplementation->getFileName(): view type working is not recognized
Tue Jul  9 03:50:29 2013 [1145][1][FATAL] UndeployedMetaDataImplementation->getFileName(): view type working is not recognized
Tue Jul  9 03:50:29 2013 [1145][1][FATAL] UndeployedMetaDataImplementation->getFileName(): view type working is not recognized
Tue Jul  9 03:50:29 2013 [1145][1][FATAL] UndeployedMetaDataImplementation->getFileName(): view type working is not recognized
Tue Jul  9 03:50:29 2013 [1145][1][FATAL] UndeployedMetaDataImplementation->getFileName(): view type working is not recognized
Tue Jul  9 03:50:29 2013 [1145][1][FATAL] UndeployedMetaDataImplementation->getFileName(): view type working is not recognized
Tue Jul  9 03:50:29 2013 [1145][1][FATAL] UndeployedMetaDataImplementation->getFileName(): view type working is not recognized
Tue Jul  9 03:50:29 2013 [1145][1][FATAL] UndeployedMetaDataImplementation->getFileName(): view type working is not recognized
Tue Jul  9 03:50:29 2013 [1145][1][FATAL] UndeployedMetaDataImplementation->getFileName(): view type working is not recognized
Tue Jul  9 04:10:15 2013 [1145][1][FATAL] SMTP -> ERROR:Password not accepted from server. Code: 535 Reply: 535-5.7.8 Username and Password not accepted. Learn more at
535-5.7.8 http://support.google.com/mail/bin/answer.py?answer=14257
535 5.7.8 {BADCREDENTIALS} r10sm17774135qeu.4 - gsmtp
 
Tue Jul  9 04:10:15 2013 [1145][1][FATAL] SugarPHPMailer encountered an error: The following From address failed: support@edjix.com
Tue Jul  9 04:10:48 2013 [1146][1][FATAL] SMTP -> ERROR:Password not accepted from server. Code: 535 Reply: 535-5.7.8 Username and Password not accepted. Learn more at
535-5.7.8 http://support.google.com/mail/bin/answer.py?answer=14257
535 5.7.8 {BADCREDENTIALS} w9sm14388625qas.8 - gsmtp
 
Tue Jul  9 04:10:48 2013 [1146][1][FATAL] SugarPHPMailer encountered an error: The following From address failed: support@edjix.com
Tue Jul  9 04:24:16 2013 [1147][1][FATAL] quotes for projects_quotes failed to load

Tue Jul  9 04:24:16 2013 [1147][1][FATAL] holidays for users_holidays failed to load

Tue Jul  9 04:24:16 2013 [1147][1][FATAL] project_resource for projects_users_resources failed to load

Tue Jul  9 04:24:16 2013 [1147][1][FATAL] project_resource for projects_contacts_resources failed to load

Tue Jul  9 04:24:16 2013 [1147][1][FATAL] holidays for users_holidays failed to load

Tue Jul  9 04:24:16 2013 [1147][1][FATAL] project_resource for projects_users_resources failed to load

Tue Jul  9 04:24:16 2013 [1147][1][FATAL] assigned_user_link for tracker_user_id failed to load

Tue Jul  9 04:24:16 2013 [1147][1][FATAL] Class Connectors does not exist, unable to rename.
Tue Jul  9 04:24:16 2013 [1147][1][FATAL] Class CustomFields does not exist, unable to rename.
Tue Jul  9 04:24:17 2013 [1147][1][FATAL] Class Audit does not exist, unable to rename.
Tue Jul  9 04:24:17 2013 [1147][1][FATAL] holidays for users_holidays failed to load

Tue Jul  9 04:24:17 2013 [1147][1][FATAL] project_resource for projects_users_resources failed to load

Tue Jul  9 06:02:23 2013 [1145][1][FATAL] UndeployedMetaDataImplementation->getFileName(): view type working is not recognized
Tue Jul  9 06:02:23 2013 [1145][1][FATAL] UndeployedMetaDataImplementation->getFileName(): view type working is not recognized
Tue Jul  9 06:02:30 2013 [1147][1][FATAL] UndeployedMetaDataImplementation->getFileName(): view type working is not recognized
Tue Jul  9 06:02:30 2013 [1147][1][FATAL] UndeployedMetaDataImplementation->getFileName(): view type working is not recognized
Tue Jul  9 06:03:14 2013 [1144][1][FATAL] UndeployedMetaDataImplementation->getFileName(): view type working is not recognized
Tue Jul  9 06:03:14 2013 [1144][1][FATAL] UndeployedMetaDataImplementation->getFileName(): view type working is not recognized
Tue Jul  9 06:03:25 2013 [1145][1][FATAL] UndeployedMetaDataImplementation->getFileName(): view type working is not recognized
Tue Jul  9 06:03:25 2013 [1145][1][FATAL] UndeployedMetaDataImplementation->getFileName(): view type working is not recognized
Tue Jul  9 06:03:25 2013 [1145][1][FATAL] UndeployedMetaDataImplementation->getFileName(): view type working is not recognized
Tue Jul  9 06:03:25 2013 [1145][1][FATAL] UndeployedMetaDataImplementation->getFileName(): view type working is not recognized
Tue Jul  9 06:03:25 2013 [1145][1][FATAL] UndeployedMetaDataImplementation->getFileName(): view type working is not recognized
Tue Jul  9 06:03:25 2013 [1145][1][FATAL] UndeployedMetaDataImplementation->getFileName(): view type working is not recognized
Tue Jul  9 06:03:25 2013 [1145][1][FATAL] UndeployedMetaDataImplementation->getFileName(): view type working is not recognized
Tue Jul  9 06:03:30 2013 [1145][1][FATAL] UndeployedMetaDataImplementation->getFileName(): view type working is not recognized
Tue Jul  9 06:03:30 2013 [1145][1][FATAL] UndeployedMetaDataImplementation->getFileName(): view type working is not recognized
Tue Jul  9 06:03:30 2013 [1145][1][FATAL] UndeployedMetaDataImplementation->getFileName(): view type working is not recognized
Tue Jul  9 06:03:30 2013 [1145][1][FATAL] UndeployedMetaDataImplementation->getFileName(): view type working is not recognized
Tue Jul  9 06:03:31 2013 [1145][1][FATAL] UndeployedMetaDataImplementation->getFileName(): view type working is not recognized
Tue Jul  9 06:03:31 2013 [1145][1][FATAL] UndeployedMetaDataImplementation->getFileName(): view type working is not recognized
Tue Jul  9 06:03:54 2013 [1147][1][FATAL] UndeployedMetaDataImplementation->getFileName(): view type working is not recognized
Tue Jul  9 06:03:54 2013 [1147][1][FATAL] UndeployedMetaDataImplementation->getFileName(): view type working is not recognized
Tue Jul  9 06:03:54 2013 [1147][1][FATAL] UndeployedMetaDataImplementation->getFileName(): view type working is not recognized
Tue Jul  9 06:03:54 2013 [1147][1][FATAL] UndeployedMetaDataImplementation->getFileName(): view type working is not recognized
Tue Jul  9 06:03:54 2013 [1147][1][FATAL] UndeployedMetaDataImplementation->getFileName(): view type working is not recognized
Tue Jul  9 06:03:54 2013 [1147][1][FATAL] UndeployedMetaDataImplementation->getFileName(): view type working is not recognized
Tue Jul  9 06:03:54 2013 [1147][1][FATAL] UndeployedMetaDataImplementation->getFileName(): view type working is not recognized
Tue Jul  9 06:03:54 2013 [1147][1][FATAL] UndeployedMetaDataImplementation->getFileName(): view type working is not recognized
Tue Jul  9 06:03:54 2013 [1147][1][FATAL] UndeployedMetaDataImplementation->getFileName(): view type working is not recognized
Tue Jul  9 06:03:54 2013 [1147][1][FATAL] UndeployedMetaDataImplementation->getFileName(): view type working is not recognized
Tue Jul  9 06:06:29 2013 [1146][1][FATAL] UndeployedMetaDataImplementation->getFileName(): view type working is not recognized
Tue Jul  9 06:06:29 2013 [1146][1][FATAL] UndeployedMetaDataImplementation->getFileName(): view type working is not recognized
Tue Jul  9 06:06:58 2013 [1148][1][FATAL] UndeployedMetaDataImplementation->getFileName(): view type working is not recognized
Tue Jul  9 06:06:58 2013 [1148][1][FATAL] UndeployedMetaDataImplementation->getFileName(): view type working is not recognized
Tue Jul  9 06:06:58 2013 [1148][1][FATAL] UndeployedMetaDataImplementation->getFileName(): view type working is not recognized
Tue Jul  9 06:06:58 2013 [1148][1][FATAL] UndeployedMetaDataImplementation->getFileName(): view type working is not recognized
Tue Jul  9 06:06:58 2013 [1148][1][FATAL] UndeployedMetaDataImplementation->getFileName(): view type working is not recognized
Tue Jul  9 06:06:58 2013 [1148][1][FATAL] UndeployedMetaDataImplementation->getFileName(): view type working is not recognized
Tue Jul  9 06:06:58 2013 [1148][1][FATAL] UndeployedMetaDataImplementation->getFileName(): view type working is not recognized
Tue Jul  9 06:06:58 2013 [1148][1][FATAL] UndeployedMetaDataImplementation->getFileName(): view type working is not recognized
Tue Jul  9 06:06:58 2013 [1148][1][FATAL] UndeployedMetaDataImplementation->getFileName(): view type working is not recognized
Tue Jul  9 06:06:58 2013 [1148][1][FATAL] UndeployedMetaDataImplementation->getFileName(): view type working is not recognized
Tue Jul  9 06:06:58 2013 [1148][1][FATAL] UndeployedMetaDataImplementation->getFileName(): view type working is not recognized
Tue Jul  9 06:06:58 2013 [1148][1][FATAL] UndeployedMetaDataImplementation->getFileName(): view type working is not recognized
Tue Jul  9 06:07:07 2013 [1147][1][FATAL] UndeployedMetaDataImplementation->getFileName(): view type working is not recognized
Tue Jul  9 06:07:07 2013 [1147][1][FATAL] UndeployedMetaDataImplementation->getFileName(): view type working is not recognized
Tue Jul  9 06:07:07 2013 [1147][1][FATAL] UndeployedMetaDataImplementation->getFileName(): view type working is not recognized
Tue Jul  9 06:07:07 2013 [1147][1][FATAL] UndeployedMetaDataImplementation->getFileName(): view type working is not recognized
Tue Jul  9 06:07:09 2013 [1147][1][FATAL] UndeployedMetaDataImplementation->getFileName(): view type working is not recognized
Tue Jul  9 06:07:09 2013 [1147][1][FATAL] UndeployedMetaDataImplementation->getFileName(): view type working is not recognized
Tue Jul  9 06:07:20 2013 [1144][1][FATAL] UndeployedMetaDataImplementation->getFileName(): view type working is not recognized
Tue Jul  9 06:07:20 2013 [1144][1][FATAL] UndeployedMetaDataImplementation->getFileName(): view type working is not recognized
Tue Jul  9 06:07:20 2013 [1144][1][FATAL] UndeployedMetaDataImplementation->getFileName(): view type working is not recognized
Tue Jul  9 06:07:20 2013 [1144][1][FATAL] UndeployedMetaDataImplementation->getFileName(): view type working is not recognized
Tue Jul  9 06:07:20 2013 [1144][1][FATAL] UndeployedMetaDataImplementation->getFileName(): view type working is not recognized
Tue Jul  9 06:07:20 2013 [1144][1][FATAL] UndeployedMetaDataImplementation->getFileName(): view type working is not recognized
Tue Jul  9 06:07:20 2013 [1144][1][FATAL] UndeployedMetaDataImplementation->getFileName(): view type working is not recognized
Tue Jul  9 06:07:26 2013 [1146][1][FATAL] UndeployedMetaDataImplementation->getFileName(): view type working is not recognized
Tue Jul  9 06:07:26 2013 [1146][1][FATAL] UndeployedMetaDataImplementation->getFileName(): view type working is not recognized
Tue Jul  9 06:07:47 2013 [1148][1][FATAL] UndeployedMetaDataImplementation->getFileName(): view type working is not recognized
Tue Jul  9 06:07:47 2013 [1148][1][FATAL] UndeployedMetaDataImplementation->getFileName(): view type working is not recognized
Tue Jul  9 06:07:47 2013 [1148][1][FATAL] UndeployedMetaDataImplementation->getFileName(): view type working is not recognized
Tue Jul  9 06:07:47 2013 [1148][1][FATAL] UndeployedMetaDataImplementation->getFileName(): view type working is not recognized
Tue Jul  9 06:07:51 2013 [1148][1][FATAL] UndeployedMetaDataImplementation->getFileName(): view type working is not recognized
Tue Jul  9 06:07:51 2013 [1148][1][FATAL] UndeployedMetaDataImplementation->getFileName(): view type working is not recognized
Tue Jul  9 06:07:58 2013 [1145][1][FATAL] UndeployedMetaDataImplementation->getFileName(): view type working is not recognized
Tue Jul  9 06:07:58 2013 [1145][1][FATAL] UndeployedMetaDataImplementation->getFileName(): view type working is not recognized
Tue Jul  9 06:08:08 2013 [1147][1][FATAL] UndeployedMetaDataImplementation->getFileName(): view type working is not recognized
Tue Jul  9 06:08:08 2013 [1147][1][FATAL] UndeployedMetaDataImplementation->getFileName(): view type working is not recognized
Tue Jul  9 06:08:08 2013 [1147][1][FATAL] UndeployedMetaDataImplementation->getFileName(): view type working is not recognized
Tue Jul  9 06:08:08 2013 [1147][1][FATAL] UndeployedMetaDataImplementation->getFileName(): view type working is not recognized
Tue Jul  9 06:08:08 2013 [1147][1][FATAL] UndeployedMetaDataImplementation->getFileName(): view type working is not recognized
Tue Jul  9 06:08:08 2013 [1147][1][FATAL] UndeployedMetaDataImplementation->getFileName(): view type working is not recognized
Tue Jul  9 06:08:08 2013 [1147][1][FATAL] UndeployedMetaDataImplementation->getFileName(): view type working is not recognized
